#
# There is insufficient memory for the Java Runtime Environment to continue.
# Native memory allocation (malloc) failed to allocate 65552 bytes for Chunk::new
# Possible reasons:
#   The system is out of physical RAM or swap space
#   The process is running with CompressedOops enabled, and the Java Heap may be blocking the growth of the native heap
# Possible solutions:
#   Reduce memory load on the system
#   Increase physical memory or swap space
#   Check if swap backing store is full
#   Decrease Java heap size (-Xmx/-Xms)
#   Decrease number of Java threads
#   Decrease Java thread stack sizes (-Xss)
#   Set larger code cache with -XX:ReservedCodeCacheSize=
#   JVM is running with Unscaled Compressed Oops mode in which the Java heap is
#     placed in the first 4GB address space. The Java Heap base address is the
#     maximum limit for the native heap growth. Please use -XX:HeapBaseMinAddress
#     to set the Java Heap base and to place the Java Heap above 4GB virtual address.
# This output file may be truncated or incomplete.
#
#  Out of Memory Error (arena.cpp:189), pid=11168, tid=4204
#
# JRE version: OpenJDK Runtime Environment Temurin-17.0.6+10 (17.0.6+10) (build 17.0.6+10)
# Java VM: OpenJDK 64-Bit Server VM Temurin-17.0.6+10 (17.0.6+10, mixed mode, sharing, tiered, compressed oops, compressed class ptrs, g1 gc, windows-amd64)
# No core dump will be written. Minidumps are not enabled by default on client versions of Windows
#

---------------  S U M M A R Y ------------

Command Line: -Declipse.application=com.ibm.wazi.lsp.cobol.core.languageServer -Dosgi.bundles.defaultStartLevel=4 -Declipse.product=com.ibm.wazi.lsp.cobol.core.languageServerProduct -Xmx512m c:\Users\carlinhoshk\.vscode-insiders\extensions\ibm.zopeneditor-3.1.0\language-server\plugins\org.eclipse.equinox.launcher_1.6.400.v20210924-0641.jar -configuration c:\Users\carlinhoshk\.vscode-insiders\extensions\ibm.zopeneditor-3.1.0\language-server\cobol_config_win -data C:\Users\CARLIN~1\AppData\Local\Temp\_ws_1679188176528

Host: Intel(R) Core(TM) i5-9300HF CPU @ 2.40GHz, 8 cores, 7G,  Windows 10 , 64 bit Build 19041 (10.0.19041.2546)
Time: Sat Mar 18 22:30:23 2023 Hora oficial do Brasil elapsed time: 1246.609182 seconds (0d 0h 20m 46s)

---------------  T H R E A D  ---------------

Current thread (0x000001683ba620a0):  JavaThread "C2 CompilerThread0" daemon [_thread_in_native, id=4204, stack(0x0000001552700000,0x0000001552800000)]


Current CompileTask:
C2:1246609 4881       4       jdk.internal.org.objectweb.asm.SymbolTable::addConstantUtf8 (98 bytes)

Stack: [0x0000001552700000,0x0000001552800000]
Native frames: (J=compiled Java code, j=interpreted, Vv=VM code, C=native code)
V  [jvm.dll+0x67741a]
V  [jvm.dll+0x834434]
V  [jvm.dll+0x835bde]
V  [jvm.dll+0x836243]
V  [jvm.dll+0x2457b5]
V  [jvm.dll+0xabafc]
V  [jvm.dll+0xac0cc]
V  [jvm.dll+0x69c262]
V  [jvm.dll+0x69c6a3]
V  [jvm.dll+0x69e052]
V  [jvm.dll+0x69cc6a]
V  [jvm.dll+0x220859]
V  [jvm.dll+0x220bef]
V  [jvm.dll+0x21a445]
V  [jvm.dll+0x21790b]
V  [jvm.dll+0x1a3d0d]
V  [jvm.dll+0x22742a]
V  [jvm.dll+0x225565]
V  [jvm.dll+0x7ea2cb]
V  [jvm.dll+0x7e483a]
V  [jvm.dll+0x6762c5]
C  [ucrtbase.dll+0x21bb2]
C  [KERNEL32.DLL+0x17614]
C  [ntdll.dll+0x526a1]


---------------  P R O C E S S  ---------------

Threads class SMR info:
_java_thread_list=0x000001683d959ba0, length=21, elements={
0x000001681f01a0a0, 0x000001683ba40760, 0x000001683ba415d0, 0x000001683ba58180,
0x000001683ba5ab40, 0x000001683ba5b4f0, 0x000001683ba5ceb0, 0x000001683ba620a0,
0x000001683ba6ab50, 0x000001683ba6d550, 0x000001683c5e6fe0, 0x000001683c5f2930,
0x000001683cae6510, 0x000001683cf73780, 0x000001683cf81080, 0x000001683cf82150,
0x000001683c684450, 0x000001683d2cc9f0, 0x000001683d2c05a0, 0x000001683d2bfc00,
0x000001683d2bf260
}

Java Threads: ( => current thread )
  0x000001681f01a0a0 JavaThread "main" [_thread_blocked, id=2620, stack(0x0000001551a00000,0x0000001551b00000)]
  0x000001683ba40760 JavaThread "Reference Handler" daemon [_thread_blocked, id=6452, stack(0x0000001552100000,0x0000001552200000)]
  0x000001683ba415d0 JavaThread "Finalizer" daemon [_thread_blocked, id=9976, stack(0x0000001552200000,0x0000001552300000)]
  0x000001683ba58180 JavaThread "Signal Dispatcher" daemon [_thread_blocked, id=8788, stack(0x0000001552300000,0x0000001552400000)]
  0x000001683ba5ab40 JavaThread "Attach Listener" daemon [_thread_blocked, id=7640, stack(0x0000001552400000,0x0000001552500000)]
  0x000001683ba5b4f0 JavaThread "Service Thread" daemon [_thread_blocked, id=6968, stack(0x0000001552500000,0x0000001552600000)]
  0x000001683ba5ceb0 JavaThread "Monitor Deflation Thread" daemon [_thread_blocked, id=3956, stack(0x0000001552600000,0x0000001552700000)]
=>0x000001683ba620a0 JavaThread "C2 CompilerThread0" daemon [_thread_in_native, id=4204, stack(0x0000001552700000,0x0000001552800000)]
  0x000001683ba6ab50 JavaThread "C1 CompilerThread0" daemon [_thread_blocked, id=11684, stack(0x0000001552800000,0x0000001552900000)]
  0x000001683ba6d550 JavaThread "Sweeper thread" daemon [_thread_blocked, id=11060, stack(0x0000001552900000,0x0000001552a00000)]
  0x000001683c5e6fe0 JavaThread "Notification Thread" daemon [_thread_blocked, id=7188, stack(0x0000001552a00000,0x0000001552b00000)]
  0x000001683c5f2930 JavaThread "Common-Cleaner" daemon [_thread_blocked, id=10568, stack(0x0000001552c00000,0x0000001552d00000)]
  0x000001683cae6510 JavaThread "Active Thread: Equinox Container: 69de82db-1160-4f52-a15e-4ded4365dd44" [_thread_blocked, id=6516, stack(0x0000001552e00000,0x0000001552f00000)]
  0x000001683cf73780 JavaThread "Framework Event Dispatcher: Equinox Container: 69de82db-1160-4f52-a15e-4ded4365dd44" daemon [_thread_blocked, id=9732, stack(0x0000001552f00000,0x0000001553000000)]
  0x000001683cf81080 JavaThread "Start Level: Equinox Container: 69de82db-1160-4f52-a15e-4ded4365dd44" daemon [_thread_blocked, id=9516, stack(0x0000001553000000,0x0000001553100000)]
  0x000001683cf82150 JavaThread "SCR Component Actor" daemon [_thread_blocked, id=7676, stack(0x0000001553100000,0x0000001553200000)]
  0x000001683c684450 JavaThread "Worker-JM" [_thread_blocked, id=10616, stack(0x0000001553800000,0x0000001553900000)]
  0x000001683d2cc9f0 JavaThread "Worker-0" [_thread_blocked, id=6768, stack(0x0000001553900000,0x0000001553a00000)]
  0x000001683d2c05a0 JavaThread "pool-3-thread-1" [_thread_blocked, id=5584, stack(0x0000001553a00000,0x0000001553b00000)]
  0x000001683d2bfc00 JavaThread "pool-2-thread-1" [_thread_in_native, id=9100, stack(0x0000001553b00000,0x0000001553c00000)]
  0x000001683d2bf260 JavaThread "Worker-1" [_thread_blocked, id=11400, stack(0x0000001553700000,0x0000001553800000)]

Other Threads:
  0x000001683ba3bb60 VMThread "VM Thread" [stack: 0x0000001552000000,0x0000001552100000] [id=12228]
  0x000001681f05bbb0 WatcherThread [stack: 0x0000001552b00000,0x0000001552c00000] [id=9916]
  0x000001681f04bde0 GCTaskThread "GC Thread#0" [stack: 0x0000001551b00000,0x0000001551c00000] [id=12032]
  0x000001683c8d5f10 GCTaskThread "GC Thread#1" [stack: 0x0000001552d00000,0x0000001552e00000] [id=1928]
  0x000001683cd29a70 GCTaskThread "GC Thread#2" [stack: 0x0000001553200000,0x0000001553300000] [id=7204]
  0x000001683cd29d20 GCTaskThread "GC Thread#3" [stack: 0x0000001553300000,0x0000001553400000] [id=11384]
  0x000001683cd39e50 GCTaskThread "GC Thread#4" [stack: 0x0000001553400000,0x0000001553500000] [id=5192]
  0x000001683cd3a100 GCTaskThread "GC Thread#5" [stack: 0x0000001553500000,0x0000001553600000] [id=9016]
  0x000001683ce64180 GCTaskThread "GC Thread#6" [stack: 0x0000001553600000,0x0000001553700000] [id=1232]
  0x000001683d464ba0 GCTaskThread "GC Thread#7" [stack: 0x0000001554100000,0x0000001554200000] [id=9476]
  0x000001681f050d20 ConcurrentGCThread "G1 Main Marker" [stack: 0x0000001551c00000,0x0000001551d00000] [id=444]
  0x000001681f051730 ConcurrentGCThread "G1 Conc#0" [stack: 0x0000001551d00000,0x0000001551e00000] [id=948]
  0x000001683d0e6d60 ConcurrentGCThread "G1 Conc#1" [stack: 0x0000001554200000,0x0000001554300000] [id=11244]
  0x000001681f0dbbf0 ConcurrentGCThread "G1 Refine#0" [stack: 0x0000001551e00000,0x0000001551f00000] [id=4100]
  0x000001681f0dc610 ConcurrentGCThread "G1 Service" [stack: 0x0000001551f00000,0x0000001552000000] [id=7584]

Threads with active compile tasks:
C2 CompilerThread0  1246659 4881       4       jdk.internal.org.objectweb.asm.SymbolTable::addConstantUtf8 (98 bytes)

VM state: not at safepoint (normal execution)

VM Mutex/Monitor currently owned by a thread: None

Heap address: 0x00000000e0000000, size: 512 MB, Compressed Oops mode: 32-bit

CDS archive(s) mapped at: [0x0000000800000000-0x0000000800bc0000-0x0000000800bc0000), size 12320768, SharedBaseAddress: 0x0000000800000000, ArchiveRelocationMode: 0.
Compressed class space mapped at: 0x0000000800c00000-0x0000000840c00000, reserved size: 1073741824
Narrow klass base: 0x0000000800000000, Narrow klass shift: 0, Narrow klass range: 0x100000000

GC Precious Log:
 CPUs: 8 total, 8 available
 Memory: 8103M
 Large Page Support: Disabled
 NUMA Support: Disabled
 Compressed Oops: Enabled (32-bit)
 Heap Region Size: 1M
 Heap Min Capacity: 8M
 Heap Initial Capacity: 128M
 Heap Max Capacity: 512M
 Pre-touch: Disabled
 Parallel Workers: 8
 Concurrent Workers: 2
 Concurrent Refinement Workers: 8
 Periodic GC: Disabled

Heap:
 garbage-first heap   total 108544K, used 72986K [0x00000000e0000000, 0x0000000100000000)
  region size 1024K, 49 young (50176K), 1 survivors (1024K)
 Metaspace       used 26609K, committed 27328K, reserved 1073152K
  class space    used 3699K, committed 4032K, reserved 1048576K

Heap Regions: E=young(eden), S=young(survivor), O=old, HS=humongous(starts), HC=humongous(continues), CS=collection set, F=free, OA=open archive, CA=closed archive, TAMS=top-at-mark-start (previous, next)
|   0|0x00000000e0000000, 0x00000000e0100000, 0x00000000e0100000|100%| O|  |TAMS 0x00000000e0100000, 0x00000000e0000000| Untracked 
|   1|0x00000000e0100000, 0x00000000e0200000, 0x00000000e0200000|100%| O|  |TAMS 0x00000000e0200000, 0x00000000e0100000| Untracked 
|   2|0x00000000e0200000, 0x00000000e0300000, 0x00000000e0300000|100%| O|  |TAMS 0x00000000e0300000, 0x00000000e0200000| Untracked 
|   3|0x00000000e0300000, 0x00000000e0400000, 0x00000000e0400000|100%| O|  |TAMS 0x00000000e0400000, 0x00000000e0300000| Untracked 
|   4|0x00000000e0400000, 0x00000000e0500000, 0x00000000e0500000|100%| O|  |TAMS 0x00000000e0437c00, 0x00000000e0400000| Untracked 
|   5|0x00000000e0500000, 0x00000000e0600000, 0x00000000e0600000|100%| O|  |TAMS 0x00000000e0500000, 0x00000000e0500000| Untracked 
|   6|0x00000000e0600000, 0x00000000e0700000, 0x00000000e0700000|100%| O|  |TAMS 0x00000000e0600000, 0x00000000e0600000| Untracked 
|   7|0x00000000e0700000, 0x00000000e0800000, 0x00000000e0800000|100%| O|  |TAMS 0x00000000e0700000, 0x00000000e0700000| Untracked 
|   8|0x00000000e0800000, 0x00000000e0900000, 0x00000000e0900000|100%| O|  |TAMS 0x00000000e0800000, 0x00000000e0800000| Untracked 
|   9|0x00000000e0900000, 0x00000000e0a00000, 0x00000000e0a00000|100%| O|  |TAMS 0x00000000e0900000, 0x00000000e0900000| Untracked 
|  10|0x00000000e0a00000, 0x00000000e0b00000, 0x00000000e0b00000|100%| O|  |TAMS 0x00000000e0a00000, 0x00000000e0a00000| Untracked 
|  11|0x00000000e0b00000, 0x00000000e0c00000, 0x00000000e0c00000|100%|HS|  |TAMS 0x00000000e0b00000, 0x00000000e0b00000| Complete 
|  12|0x00000000e0c00000, 0x00000000e0d00000, 0x00000000e0d00000|100%|HC|  |TAMS 0x00000000e0c00000, 0x00000000e0c00000| Complete 
|  13|0x00000000e0d00000, 0x00000000e0e00000, 0x00000000e0e00000|100%| O|  |TAMS 0x00000000e0d00000, 0x00000000e0d00000| Untracked 
|  14|0x00000000e0e00000, 0x00000000e0f00000, 0x00000000e0f00000|100%| O|  |TAMS 0x00000000e0e00000, 0x00000000e0e00000| Untracked 
|  15|0x00000000e0f00000, 0x00000000e1000000, 0x00000000e1000000|100%| O|  |TAMS 0x00000000e0f00000, 0x00000000e0f00000| Untracked 
|  16|0x00000000e1000000, 0x00000000e1100000, 0x00000000e1100000|100%| O|  |TAMS 0x00000000e1000000, 0x00000000e1000000| Untracked 
|  17|0x00000000e1100000, 0x00000000e1200000, 0x00000000e1200000|100%| O|  |TAMS 0x00000000e1100000, 0x00000000e1100000| Untracked 
|  18|0x00000000e1200000, 0x00000000e1300000, 0x00000000e1300000|100%| O|  |TAMS 0x00000000e1200000, 0x00000000e1200000| Untracked 
|  19|0x00000000e1300000, 0x00000000e1400000, 0x00000000e1400000|100%| O|  |TAMS 0x00000000e1300000, 0x00000000e1300000| Untracked 
|  20|0x00000000e1400000, 0x00000000e1400000, 0x00000000e1500000|  0%| F|  |TAMS 0x00000000e1400000, 0x00000000e1400000| Untracked 
|  21|0x00000000e1500000, 0x00000000e1500000, 0x00000000e1600000|  0%| F|  |TAMS 0x00000000e1500000, 0x00000000e1500000| Untracked 
|  22|0x00000000e1600000, 0x00000000e1600000, 0x00000000e1700000|  0%| F|  |TAMS 0x00000000e1600000, 0x00000000e1600000| Untracked 
|  23|0x00000000e1700000, 0x00000000e1700000, 0x00000000e1800000|  0%| F|  |TAMS 0x00000000e1700000, 0x00000000e1700000| Untracked 
|  24|0x00000000e1800000, 0x00000000e1900000, 0x00000000e1900000|100%| O|  |TAMS 0x00000000e1800000, 0x00000000e1800000| Untracked 
|  25|0x00000000e1900000, 0x00000000e1a00000, 0x00000000e1a00000|100%| O|  |TAMS 0x00000000e1900000, 0x00000000e1900000| Untracked 
|  26|0x00000000e1a00000, 0x00000000e1a00000, 0x00000000e1b00000|  0%| F|  |TAMS 0x00000000e1a00000, 0x00000000e1a00000| Untracked 
|  27|0x00000000e1b00000, 0x00000000e1b00000, 0x00000000e1c00000|  0%| F|  |TAMS 0x00000000e1b00000, 0x00000000e1b00000| Untracked 
|  28|0x00000000e1c00000, 0x00000000e1d00000, 0x00000000e1d00000|100%| O|  |TAMS 0x00000000e1c00000, 0x00000000e1c00000| Untracked 
|  29|0x00000000e1d00000, 0x00000000e1e00000, 0x00000000e1e00000|100%| O|  |TAMS 0x00000000e1d00000, 0x00000000e1d00000| Untracked 
|  30|0x00000000e1e00000, 0x00000000e1e21c00, 0x00000000e1f00000| 13%| O|  |TAMS 0x00000000e1e00000, 0x00000000e1e00000| Untracked 
|  31|0x00000000e1f00000, 0x00000000e1f00000, 0x00000000e2000000|  0%| F|  |TAMS 0x00000000e1f00000, 0x00000000e1f00000| Untracked 
|  32|0x00000000e2000000, 0x00000000e2000000, 0x00000000e2100000|  0%| F|  |TAMS 0x00000000e2000000, 0x00000000e2000000| Untracked 
|  33|0x00000000e2100000, 0x00000000e2100000, 0x00000000e2200000|  0%| F|  |TAMS 0x00000000e2100000, 0x00000000e2100000| Untracked 
|  34|0x00000000e2200000, 0x00000000e2200000, 0x00000000e2300000|  0%| F|  |TAMS 0x00000000e2200000, 0x00000000e2200000| Untracked 
|  35|0x00000000e2300000, 0x00000000e2300000, 0x00000000e2400000|  0%| F|  |TAMS 0x00000000e2300000, 0x00000000e2300000| Untracked 
|  36|0x00000000e2400000, 0x00000000e2400000, 0x00000000e2500000|  0%| F|  |TAMS 0x00000000e2400000, 0x00000000e2400000| Untracked 
|  37|0x00000000e2500000, 0x00000000e2500000, 0x00000000e2600000|  0%| F|  |TAMS 0x00000000e2500000, 0x00000000e2500000| Untracked 
|  38|0x00000000e2600000, 0x00000000e2600000, 0x00000000e2700000|  0%| F|  |TAMS 0x00000000e2600000, 0x00000000e2600000| Untracked 
|  39|0x00000000e2700000, 0x00000000e2700000, 0x00000000e2800000|  0%| F|  |TAMS 0x00000000e2700000, 0x00000000e2700000| Untracked 
|  40|0x00000000e2800000, 0x00000000e2800000, 0x00000000e2900000|  0%| F|  |TAMS 0x00000000e2800000, 0x00000000e2800000| Untracked 
|  41|0x00000000e2900000, 0x00000000e2900000, 0x00000000e2a00000|  0%| F|  |TAMS 0x00000000e2900000, 0x00000000e2900000| Untracked 
|  42|0x00000000e2a00000, 0x00000000e2a00000, 0x00000000e2b00000|  0%| F|  |TAMS 0x00000000e2a00000, 0x00000000e2a00000| Untracked 
|  43|0x00000000e2b00000, 0x00000000e2b24de0, 0x00000000e2c00000| 14%| S|CS|TAMS 0x00000000e2b00000, 0x00000000e2b00000| Complete 
|  44|0x00000000e2c00000, 0x00000000e2c00000, 0x00000000e2d00000|  0%| F|  |TAMS 0x00000000e2c00000, 0x00000000e2c00000| Untracked 
|  45|0x00000000e2d00000, 0x00000000e2d00000, 0x00000000e2e00000|  0%| F|  |TAMS 0x00000000e2d00000, 0x00000000e2d00000| Untracked 
|  46|0x00000000e2e00000, 0x00000000e2e00000, 0x00000000e2f00000|  0%| F|  |TAMS 0x00000000e2e00000, 0x00000000e2e00000| Untracked 
|  47|0x00000000e2f00000, 0x00000000e2f00000, 0x00000000e3000000|  0%| F|  |TAMS 0x00000000e2f00000, 0x00000000e2f00000| Untracked 
|  48|0x00000000e3000000, 0x00000000e3000000, 0x00000000e3100000|  0%| F|  |TAMS 0x00000000e3000000, 0x00000000e3000000| Untracked 
|  49|0x00000000e3100000, 0x00000000e3100000, 0x00000000e3200000|  0%| F|  |TAMS 0x00000000e3100000, 0x00000000e3100000| Untracked 
|  50|0x00000000e3200000, 0x00000000e3200000, 0x00000000e3300000|  0%| F|  |TAMS 0x00000000e3200000, 0x00000000e3200000| Untracked 
|  51|0x00000000e3300000, 0x00000000e3300000, 0x00000000e3400000|  0%| F|  |TAMS 0x00000000e3300000, 0x00000000e3300000| Untracked 
|  52|0x00000000e3400000, 0x00000000e3400000, 0x00000000e3500000|  0%| F|  |TAMS 0x00000000e3400000, 0x00000000e3400000| Untracked 
|  53|0x00000000e3500000, 0x00000000e3500000, 0x00000000e3600000|  0%| F|  |TAMS 0x00000000e3500000, 0x00000000e3500000| Untracked 
|  54|0x00000000e3600000, 0x00000000e3600000, 0x00000000e3700000|  0%| F|  |TAMS 0x00000000e3600000, 0x00000000e3600000| Untracked 
|  55|0x00000000e3700000, 0x00000000e3700000, 0x00000000e3800000|  0%| F|  |TAMS 0x00000000e3700000, 0x00000000e3700000| Untracked 
|  56|0x00000000e3800000, 0x00000000e3800000, 0x00000000e3900000|  0%| F|  |TAMS 0x00000000e3800000, 0x00000000e3800000| Untracked 
|  57|0x00000000e3900000, 0x00000000e3900000, 0x00000000e3a00000|  0%| F|  |TAMS 0x00000000e3900000, 0x00000000e3900000| Untracked 
|  58|0x00000000e3a00000, 0x00000000e3b00000, 0x00000000e3b00000|100%| E|  |TAMS 0x00000000e3a00000, 0x00000000e3a00000| Complete 
|  59|0x00000000e3b00000, 0x00000000e3c00000, 0x00000000e3c00000|100%| E|CS|TAMS 0x00000000e3b00000, 0x00000000e3b00000| Complete 
|  60|0x00000000e3c00000, 0x00000000e3d00000, 0x00000000e3d00000|100%| E|CS|TAMS 0x00000000e3c00000, 0x00000000e3c00000| Complete 
|  61|0x00000000e3d00000, 0x00000000e3e00000, 0x00000000e3e00000|100%| E|CS|TAMS 0x00000000e3d00000, 0x00000000e3d00000| Complete 
|  62|0x00000000e3e00000, 0x00000000e3f00000, 0x00000000e3f00000|100%| E|CS|TAMS 0x00000000e3e00000, 0x00000000e3e00000| Complete 
|  63|0x00000000e3f00000, 0x00000000e4000000, 0x00000000e4000000|100%| E|CS|TAMS 0x00000000e3f00000, 0x00000000e3f00000| Complete 
|  64|0x00000000e4000000, 0x00000000e4100000, 0x00000000e4100000|100%| E|CS|TAMS 0x00000000e4000000, 0x00000000e4000000| Complete 
|  65|0x00000000e4100000, 0x00000000e4200000, 0x00000000e4200000|100%| E|CS|TAMS 0x00000000e4100000, 0x00000000e4100000| Complete 
|  66|0x00000000e4200000, 0x00000000e4300000, 0x00000000e4300000|100%| E|CS|TAMS 0x00000000e4200000, 0x00000000e4200000| Complete 
|  67|0x00000000e4300000, 0x00000000e4400000, 0x00000000e4400000|100%| E|CS|TAMS 0x00000000e4300000, 0x00000000e4300000| Complete 
|  68|0x00000000e4400000, 0x00000000e4500000, 0x00000000e4500000|100%| E|CS|TAMS 0x00000000e4400000, 0x00000000e4400000| Complete 
|  69|0x00000000e4500000, 0x00000000e4600000, 0x00000000e4600000|100%| E|CS|TAMS 0x00000000e4500000, 0x00000000e4500000| Complete 
|  70|0x00000000e4600000, 0x00000000e4700000, 0x00000000e4700000|100%| E|CS|TAMS 0x00000000e4600000, 0x00000000e4600000| Complete 
|  71|0x00000000e4700000, 0x00000000e4800000, 0x00000000e4800000|100%| E|CS|TAMS 0x00000000e4700000, 0x00000000e4700000| Complete 
|  72|0x00000000e4800000, 0x00000000e4900000, 0x00000000e4900000|100%| E|CS|TAMS 0x00000000e4800000, 0x00000000e4800000| Complete 
|  73|0x00000000e4900000, 0x00000000e4a00000, 0x00000000e4a00000|100%| E|CS|TAMS 0x00000000e4900000, 0x00000000e4900000| Complete 
|  74|0x00000000e4a00000, 0x00000000e4b00000, 0x00000000e4b00000|100%| E|CS|TAMS 0x00000000e4a00000, 0x00000000e4a00000| Complete 
|  75|0x00000000e4b00000, 0x00000000e4c00000, 0x00000000e4c00000|100%| E|CS|TAMS 0x00000000e4b00000, 0x00000000e4b00000| Complete 
|  76|0x00000000e4c00000, 0x00000000e4d00000, 0x00000000e4d00000|100%| E|CS|TAMS 0x00000000e4c00000, 0x00000000e4c00000| Complete 
|  77|0x00000000e4d00000, 0x00000000e4e00000, 0x00000000e4e00000|100%| E|CS|TAMS 0x00000000e4d00000, 0x00000000e4d00000| Complete 
|  78|0x00000000e4e00000, 0x00000000e4f00000, 0x00000000e4f00000|100%| E|CS|TAMS 0x00000000e4e00000, 0x00000000e4e00000| Complete 
|  79|0x00000000e4f00000, 0x00000000e5000000, 0x00000000e5000000|100%| E|CS|TAMS 0x00000000e4f00000, 0x00000000e4f00000| Complete 
|  80|0x00000000e5000000, 0x00000000e5100000, 0x00000000e5100000|100%| E|CS|TAMS 0x00000000e5000000, 0x00000000e5000000| Complete 
|  81|0x00000000e5100000, 0x00000000e5200000, 0x00000000e5200000|100%| E|CS|TAMS 0x00000000e5100000, 0x00000000e5100000| Complete 
|  82|0x00000000e5200000, 0x00000000e5300000, 0x00000000e5300000|100%| E|CS|TAMS 0x00000000e5200000, 0x00000000e5200000| Complete 
|  83|0x00000000e5300000, 0x00000000e5400000, 0x00000000e5400000|100%| E|CS|TAMS 0x00000000e5300000, 0x00000000e5300000| Complete 
|  84|0x00000000e5400000, 0x00000000e5500000, 0x00000000e5500000|100%| E|CS|TAMS 0x00000000e5400000, 0x00000000e5400000| Complete 
|  85|0x00000000e5500000, 0x00000000e5600000, 0x00000000e5600000|100%| E|CS|TAMS 0x00000000e5500000, 0x00000000e5500000| Complete 
|  86|0x00000000e5600000, 0x00000000e5700000, 0x00000000e5700000|100%| E|CS|TAMS 0x00000000e5600000, 0x00000000e5600000| Complete 
|  87|0x00000000e5700000, 0x00000000e5800000, 0x00000000e5800000|100%| E|CS|TAMS 0x00000000e5700000, 0x00000000e5700000| Complete 
|  88|0x00000000e5800000, 0x00000000e5900000, 0x00000000e5900000|100%| E|CS|TAMS 0x00000000e5800000, 0x00000000e5800000| Complete 
|  89|0x00000000e5900000, 0x00000000e5a00000, 0x00000000e5a00000|100%| E|CS|TAMS 0x00000000e5900000, 0x00000000e5900000| Complete 
|  90|0x00000000e5a00000, 0x00000000e5b00000, 0x00000000e5b00000|100%| E|CS|TAMS 0x00000000e5a00000, 0x00000000e5a00000| Complete 
|  91|0x00000000e5b00000, 0x00000000e5c00000, 0x00000000e5c00000|100%| E|CS|TAMS 0x00000000e5b00000, 0x00000000e5b00000| Complete 
|  92|0x00000000e5c00000, 0x00000000e5d00000, 0x00000000e5d00000|100%| E|CS|TAMS 0x00000000e5c00000, 0x00000000e5c00000| Complete 
|  93|0x00000000e5d00000, 0x00000000e5e00000, 0x00000000e5e00000|100%| E|CS|TAMS 0x00000000e5d00000, 0x00000000e5d00000| Complete 
|  94|0x00000000e5e00000, 0x00000000e5f00000, 0x00000000e5f00000|100%| E|CS|TAMS 0x00000000e5e00000, 0x00000000e5e00000| Complete 
|  95|0x00000000e5f00000, 0x00000000e6000000, 0x00000000e6000000|100%| E|CS|TAMS 0x00000000e5f00000, 0x00000000e5f00000| Complete 
|  96|0x00000000e6000000, 0x00000000e6100000, 0x00000000e6100000|100%| E|CS|TAMS 0x00000000e6000000, 0x00000000e6000000| Complete 
|  97|0x00000000e6100000, 0x00000000e6200000, 0x00000000e6200000|100%| E|CS|TAMS 0x00000000e6100000, 0x00000000e6100000| Complete 
|  98|0x00000000e6200000, 0x00000000e6300000, 0x00000000e6300000|100%| E|CS|TAMS 0x00000000e6200000, 0x00000000e6200000| Complete 
|  99|0x00000000e6300000, 0x00000000e6400000, 0x00000000e6400000|100%| E|CS|TAMS 0x00000000e6300000, 0x00000000e6300000| Complete 
| 100|0x00000000e6400000, 0x00000000e6500000, 0x00000000e6500000|100%| E|CS|TAMS 0x00000000e6400000, 0x00000000e6400000| Complete 
| 101|0x00000000e6500000, 0x00000000e6600000, 0x00000000e6600000|100%| E|CS|TAMS 0x00000000e6500000, 0x00000000e6500000| Complete 
| 102|0x00000000e6600000, 0x00000000e6700000, 0x00000000e6700000|100%| E|CS|TAMS 0x00000000e6600000, 0x00000000e6600000| Complete 
| 103|0x00000000e6700000, 0x00000000e6800000, 0x00000000e6800000|100%| E|CS|TAMS 0x00000000e6700000, 0x00000000e6700000| Complete 
| 123|0x00000000e7b00000, 0x00000000e7c00000, 0x00000000e7c00000|100%| E|CS|TAMS 0x00000000e7b00000, 0x00000000e7b00000| Complete 
| 127|0x00000000e7f00000, 0x00000000e8000000, 0x00000000e8000000|100%| E|CS|TAMS 0x00000000e7f00000, 0x00000000e7f00000| Complete 

Card table byte_map: [0x0000016837e50000,0x0000016837f50000] _byte_map_base: 0x0000016837750000

Marking Bits (Prev, Next): (CMBitMap*) 0x000001681f04c430, (CMBitMap*) 0x000001681f04c3f0
 Prev Bits: [0x0000016838850000, 0x0000016839050000)
 Next Bits: [0x0000016838050000, 0x0000016838850000)

Polling page: 0x00000168282c0000

Metaspace:

Usage:
  Non-class:     22.37 MB used.
      Class:      3.61 MB used.
       Both:     25.99 MB used.

Virtual space:
  Non-class space:       24.00 MB reserved,      22.75 MB ( 95%) committed,  3 nodes.
      Class space:        1.00 GB reserved,       3.94 MB ( <1%) committed,  1 nodes.
             Both:        1.02 GB reserved,      26.69 MB (  3%) committed. 

Chunk freelists:
   Non-Class:  492.00 KB
       Class:  3.00 KB
        Both:  495.00 KB

MaxMetaspaceSize: unlimited
CompressedClassSpaceSize: 1.00 GB
Initial GC threshold: 21.00 MB
Current GC threshold: 35.12 MB
CDS: on
MetaspaceReclaimPolicy: balanced
 - commit_granule_bytes: 65536.
 - commit_granule_words: 8192.
 - virtual_space_node_default_size: 1048576.
 - enlarge_chunks_in_place: 1.
 - new_chunks_are_fully_committed: 0.
 - uncommit_free_chunks: 1.
 - use_allocation_guard: 0.
 - handle_deallocations: 1.


Internal statistics:

num_allocs_failed_limit: 3.
num_arena_births: 260.
num_arena_deaths: 0.
num_vsnodes_births: 4.
num_vsnodes_deaths: 0.
num_space_committed: 409.
num_space_uncommitted: 0.
num_chunks_returned_to_freelist: 3.
num_chunks_taken_from_freelist: 1169.
num_chunk_merges: 3.
num_chunk_splits: 740.
num_chunks_enlarged: 434.
num_purges: 0.
num_inconsistent_stats: 0.

CodeHeap 'non-profiled nmethods': size=120000Kb used=2728Kb max_used=2728Kb free=117271Kb
 bounds [0x000001682fdb0000, 0x0000016830060000, 0x00000168372e0000]
CodeHeap 'profiled nmethods': size=120000Kb used=8324Kb max_used=9519Kb free=111675Kb
 bounds [0x00000168282e0000, 0x0000016828c30000, 0x000001682f810000]
CodeHeap 'non-nmethods': size=5760Kb used=1231Kb max_used=1307Kb free=4528Kb
 bounds [0x000001682f810000, 0x000001682fa80000, 0x000001682fdb0000]
 total_blobs=4676 nmethods=4150 adapters=436
 compilation: enabled
              stopped_count=0, restarted_count=0
 full_count=0

Compilation events (20 events):
Event: 1246.510 Thread 0x000001683ba6ab50 nmethod 4873 0x00000168287aa190 code [0x00000168287aa3e0, 0x00000168287aaed8]
Event: 1246.511 Thread 0x000001683ba6ab50 4875       3       java.lang.invoke.LambdaForm$BasicType::basicType (187 bytes)
Event: 1246.511 Thread 0x000001683ba6ab50 nmethod 4875 0x000001682891d210 code [0x000001682891d4a0, 0x000001682891dfe8]
Event: 1246.511 Thread 0x000001683ba6ab50 4876       3       java.lang.invoke.LambdaForm$Name::replaceNames (175 bytes)
Event: 1246.511 Thread 0x000001683ba620a0 4878       4       java.util.Arrays::copyOf (40 bytes)
Event: 1246.511 Thread 0x000001683ba6ab50 nmethod 4876 0x000001682891c090 code [0x000001682891c2c0, 0x000001682891ced8]
Event: 1246.511 Thread 0x000001683ba6ab50 4877   !   3       java.lang.invoke.MemberName::getFieldType (176 bytes)
Event: 1246.512 Thread 0x000001683ba6ab50 nmethod 4877 0x0000016828919f90 code [0x000001682891a2c0, 0x000001682891b838]
Event: 1246.512 Thread 0x000001683ba6ab50 4879       3       jdk.internal.org.objectweb.asm.MethodWriter::visitLdcInsn (215 bytes)
Event: 1246.513 Thread 0x000001683ba6ab50 nmethod 4879 0x0000016828c12510 code [0x0000016828c12780, 0x0000016828c13248]
Event: 1246.513 Thread 0x000001683ba6ab50 4882   !   3       java.lang.invoke.MethodHandle::setVarargs (25 bytes)
Event: 1246.513 Thread 0x000001683ba6ab50 nmethod 4882 0x0000016828c11a10 code [0x0000016828c11c20, 0x0000016828c122d8]
Event: 1246.513 Thread 0x000001683ba6ab50 4880       3       jdk.internal.org.objectweb.asm.SymbolTable::addConstant (330 bytes)
Event: 1246.514 Thread 0x000001683ba6ab50 nmethod 4880 0x0000016828af0990 code [0x0000016828af0f00, 0x0000016828af4138]
Event: 1246.514 Thread 0x000001683ba620a0 nmethod 4878 0x0000016830059610 code [0x00000168300597a0, 0x0000016830059cb8]
Event: 1246.514 Thread 0x000001683ba6ab50 4884       3       java.util.regex.Matcher::start (65 bytes)
Event: 1246.514 Thread 0x000001683ba620a0 4881       4       jdk.internal.org.objectweb.asm.SymbolTable::addConstantUtf8 (98 bytes)
Event: 1246.514 Thread 0x000001683ba6ab50 nmethod 4884 0x0000016828aefa90 code [0x0000016828aefce0, 0x0000016828af0528]
Event: 1246.514 Thread 0x000001683ba6ab50 4883       1       jdk.internal.org.objectweb.asm.ClassReader::getMaxStringLength (5 bytes)
Event: 1246.514 Thread 0x000001683ba6ab50 nmethod 4883 0x0000016830059f10 code [0x000001683005a0a0, 0x000001683005a178]

GC Heap History (20 events):
Event: 366.220 GC heap before
{Heap before GC invocations=30 (full 0):
 garbage-first heap   total 108544K, used 94508K [0x00000000e0000000, 0x0000000100000000)
  region size 1024K, 63 young (64512K), 1 survivors (1024K)
 Metaspace       used 25689K, committed 26304K, reserved 1073152K
  class space    used 3667K, committed 3968K, reserved 1048576K
}
Event: 366.221 GC heap after
{Heap after GC invocations=31 (full 0):
 garbage-first heap   total 108544K, used 26925K [0x00000000e0000000, 0x0000000100000000)
  region size 1024K, 1 young (1024K), 1 survivors (1024K)
 Metaspace       used 25689K, committed 26304K, reserved 1073152K
  class space    used 3667K, committed 3968K, reserved 1048576K
}
Event: 367.994 GC heap before
{Heap before GC invocations=31 (full 0):
 garbage-first heap   total 108544K, used 94509K [0x00000000e0000000, 0x0000000100000000)
  region size 1024K, 63 young (64512K), 1 survivors (1024K)
 Metaspace       used 25694K, committed 26304K, reserved 1073152K
  class space    used 3667K, committed 3968K, reserved 1048576K
}
Event: 367.994 GC heap after
{Heap after GC invocations=32 (full 0):
 garbage-first heap   total 108544K, used 26920K [0x00000000e0000000, 0x0000000100000000)
  region size 1024K, 1 young (1024K), 1 survivors (1024K)
 Metaspace       used 25694K, committed 26304K, reserved 1073152K
  class space    used 3667K, committed 3968K, reserved 1048576K
}
Event: 371.392 GC heap before
{Heap before GC invocations=32 (full 0):
 garbage-first heap   total 108544K, used 94504K [0x00000000e0000000, 0x0000000100000000)
  region size 1024K, 63 young (64512K), 1 survivors (1024K)
 Metaspace       used 25697K, committed 26304K, reserved 1073152K
  class space    used 3667K, committed 3968K, reserved 1048576K
}
Event: 371.393 GC heap after
{Heap after GC invocations=33 (full 0):
 garbage-first heap   total 108544K, used 26919K [0x00000000e0000000, 0x0000000100000000)
  region size 1024K, 1 young (1024K), 1 survivors (1024K)
 Metaspace       used 25697K, committed 26304K, reserved 1073152K
  class space    used 3667K, committed 3968K, reserved 1048576K
}
Event: 383.235 GC heap before
{Heap before GC invocations=33 (full 0):
 garbage-first heap   total 108544K, used 91431K [0x00000000e0000000, 0x0000000100000000)
  region size 1024K, 63 young (64512K), 1 survivors (1024K)
 Metaspace       used 25961K, committed 26560K, reserved 1073152K
  class space    used 3667K, committed 3968K, reserved 1048576K
}
Event: 383.236 GC heap after
{Heap after GC invocations=34 (full 0):
 garbage-first heap   total 108544K, used 26925K [0x00000000e0000000, 0x0000000100000000)
  region size 1024K, 1 young (1024K), 1 survivors (1024K)
 Metaspace       used 25961K, committed 26560K, reserved 1073152K
  class space    used 3667K, committed 3968K, reserved 1048576K
}
Event: 404.625 GC heap before
{Heap before GC invocations=34 (full 0):
 garbage-first heap   total 108544K, used 94509K [0x00000000e0000000, 0x0000000100000000)
  region size 1024K, 63 young (64512K), 1 survivors (1024K)
 Metaspace       used 25974K, committed 26624K, reserved 1073152K
  class space    used 3668K, committed 3968K, reserved 1048576K
}
Event: 404.625 GC heap after
{Heap after GC invocations=35 (full 0):
 garbage-first heap   total 108544K, used 26932K [0x00000000e0000000, 0x0000000100000000)
  region size 1024K, 1 young (1024K), 1 survivors (1024K)
 Metaspace       used 25974K, committed 26624K, reserved 1073152K
  class space    used 3668K, committed 3968K, reserved 1048576K
}
Event: 406.439 GC heap before
{Heap before GC invocations=35 (full 0):
 garbage-first heap   total 108544K, used 94516K [0x00000000e0000000, 0x0000000100000000)
  region size 1024K, 63 young (64512K), 1 survivors (1024K)
 Metaspace       used 25976K, committed 26624K, reserved 1073152K
  class space    used 3668K, committed 3968K, reserved 1048576K
}
Event: 406.439 GC heap after
{Heap after GC invocations=36 (full 0):
 garbage-first heap   total 108544K, used 26935K [0x00000000e0000000, 0x0000000100000000)
  region size 1024K, 1 young (1024K), 1 survivors (1024K)
 Metaspace       used 25976K, committed 26624K, reserved 1073152K
  class space    used 3668K, committed 3968K, reserved 1048576K
}
Event: 406.847 GC heap before
{Heap before GC invocations=36 (full 0):
 garbage-first heap   total 108544K, used 94519K [0x00000000e0000000, 0x0000000100000000)
  region size 1024K, 63 young (64512K), 1 survivors (1024K)
 Metaspace       used 25982K, committed 26688K, reserved 1073152K
  class space    used 3668K, committed 3968K, reserved 1048576K
}
Event: 406.847 GC heap after
{Heap after GC invocations=37 (full 0):
 garbage-first heap   total 108544K, used 26933K [0x00000000e0000000, 0x0000000100000000)
  region size 1024K, 1 young (1024K), 1 survivors (1024K)
 Metaspace       used 25982K, committed 26688K, reserved 1073152K
  class space    used 3668K, committed 3968K, reserved 1048576K
}
Event: 407.190 GC heap before
{Heap before GC invocations=37 (full 0):
 garbage-first heap   total 108544K, used 94517K [0x00000000e0000000, 0x0000000100000000)
  region size 1024K, 63 young (64512K), 1 survivors (1024K)
 Metaspace       used 25983K, committed 26688K, reserved 1073152K
  class space    used 3668K, committed 3968K, reserved 1048576K
}
Event: 407.190 GC heap after
{Heap after GC invocations=38 (full 0):
 garbage-first heap   total 108544K, used 26952K [0x00000000e0000000, 0x0000000100000000)
  region size 1024K, 1 young (1024K), 1 survivors (1024K)
 Metaspace       used 25983K, committed 26688K, reserved 1073152K
  class space    used 3668K, committed 3968K, reserved 1048576K
}
Event: 410.036 GC heap before
{Heap before GC invocations=38 (full 0):
 garbage-first heap   total 108544K, used 94536K [0x00000000e0000000, 0x0000000100000000)
  region size 1024K, 63 young (64512K), 1 survivors (1024K)
 Metaspace       used 26100K, committed 26752K, reserved 1073152K
  class space    used 3668K, committed 3968K, reserved 1048576K
}
Event: 410.037 GC heap after
{Heap after GC invocations=39 (full 0):
 garbage-first heap   total 108544K, used 26941K [0x00000000e0000000, 0x0000000100000000)
  region size 1024K, 1 young (1024K), 1 survivors (1024K)
 Metaspace       used 26100K, committed 26752K, reserved 1073152K
  class space    used 3668K, committed 3968K, reserved 1048576K
}
Event: 413.961 GC heap before
{Heap before GC invocations=39 (full 0):
 garbage-first heap   total 108544K, used 92477K [0x00000000e0000000, 0x0000000100000000)
  region size 1024K, 63 young (64512K), 1 survivors (1024K)
 Metaspace       used 26132K, committed 26752K, reserved 1073152K
  class space    used 3668K, committed 3968K, reserved 1048576K
}
Event: 413.962 GC heap after
{Heap after GC invocations=40 (full 0):
 garbage-first heap   total 108544K, used 24858K [0x00000000e0000000, 0x0000000100000000)
  region size 1024K, 1 young (1024K), 1 survivors (1024K)
 Metaspace       used 26132K, committed 26752K, reserved 1073152K
  class space    used 3668K, committed 3968K, reserved 1048576K
}

Dll operation events (8 events):
Event: 0.004 Loaded shared library C:\Program Files\Eclipse Adoptium\jdk-17.0.6.10-hotspot\bin\java.dll
Event: 0.011 Loaded shared library C:\Program Files\Eclipse Adoptium\jdk-17.0.6.10-hotspot\bin\jsvml.dll
Event: 0.796 Loaded shared library C:\Program Files\Eclipse Adoptium\jdk-17.0.6.10-hotspot\bin\net.dll
Event: 0.818 Loaded shared library C:\Program Files\Eclipse Adoptium\jdk-17.0.6.10-hotspot\bin\nio.dll
Event: 0.873 Loaded shared library C:\Program Files\Eclipse Adoptium\jdk-17.0.6.10-hotspot\bin\zip.dll
Event: 1.300 Loaded shared library C:\Program Files\Eclipse Adoptium\jdk-17.0.6.10-hotspot\bin\jimage.dll
Event: 11.604 Loaded shared library C:\Users\carlinhoshk\.vscode-insiders\extensions\ibm.zopeneditor-3.1.0\language-server\cobol_config_win\org.eclipse.equinox.launcher\org.eclipse.equinox.launcher.win32.win32.x86_64_1.2.400.v20211117-0650\eclipse_11602.dll
Event: 13.551 Loaded shared library C:\Program Files\Eclipse Adoptium\jdk-17.0.6.10-hotspot\bin\verify.dll

Deoptimization events (20 events):
Event: 1246.511 Thread 0x000001683d2c05a0 Uncommon trap: trap_request=0xffffff45 fr.pc=0x0000016830004c6c relative=0x000000000000200c
Event: 1246.511 Thread 0x000001683d2c05a0 Uncommon trap: reason=unstable_if action=reinterpret pc=0x0000016830004c6c method=java.util.TreeMap.put(Ljava/lang/Object;Ljava/lang/Object;Z)Ljava/lang/Object; @ 27 c2
Event: 1246.511 Thread 0x000001683d2c05a0 DEOPT PACKING pc=0x0000016830004c6c sp=0x0000001553afdd10
Event: 1246.511 Thread 0x000001683d2c05a0 DEOPT UNPACKING pc=0x000001682f8669a3 sp=0x0000001553afdcb0 mode 2
Event: 1246.513 Thread 0x000001683d2c05a0 Uncommon trap: trap_request=0xffffffde fr.pc=0x000001682fe993e8 relative=0x0000000000000228
Event: 1246.513 Thread 0x000001683d2c05a0 Uncommon trap: reason=class_check action=maybe_recompile pc=0x000001682fe993e8 method=java.util.regex.Pattern$BmpCharPropertyGreedy.match(Ljava/util/regex/Matcher;ILjava/lang/CharSequence;)Z @ 26 c2
Event: 1246.513 Thread 0x000001683d2c05a0 DEOPT PACKING pc=0x000001682fe993e8 sp=0x0000001553afeb70
Event: 1246.513 Thread 0x000001683d2c05a0 DEOPT UNPACKING pc=0x000001682f8669a3 sp=0x0000001553afeb08 mode 2
Event: 1246.513 Thread 0x000001683d2c05a0 Uncommon trap: trap_request=0xffffffde fr.pc=0x000001682fe993e8 relative=0x0000000000000228
Event: 1246.513 Thread 0x000001683d2c05a0 Uncommon trap: reason=class_check action=maybe_recompile pc=0x000001682fe993e8 method=java.util.regex.Pattern$BmpCharPropertyGreedy.match(Ljava/util/regex/Matcher;ILjava/lang/CharSequence;)Z @ 26 c2
Event: 1246.513 Thread 0x000001683d2c05a0 DEOPT PACKING pc=0x000001682fe993e8 sp=0x0000001553afe850
Event: 1246.513 Thread 0x000001683d2c05a0 DEOPT UNPACKING pc=0x000001682f8669a3 sp=0x0000001553afe7e8 mode 2
Event: 1246.513 Thread 0x000001683d2c05a0 Uncommon trap: trap_request=0xffffffde fr.pc=0x000001682fe993e8 relative=0x0000000000000228
Event: 1246.513 Thread 0x000001683d2c05a0 Uncommon trap: reason=class_check action=maybe_recompile pc=0x000001682fe993e8 method=java.util.regex.Pattern$BmpCharPropertyGreedy.match(Ljava/util/regex/Matcher;ILjava/lang/CharSequence;)Z @ 26 c2
Event: 1246.513 Thread 0x000001683d2c05a0 DEOPT PACKING pc=0x000001682fe993e8 sp=0x0000001553afe5d0
Event: 1246.513 Thread 0x000001683d2c05a0 DEOPT UNPACKING pc=0x000001682f8669a3 sp=0x0000001553afe568 mode 2
Event: 1246.513 Thread 0x000001683d2c05a0 Uncommon trap: trap_request=0xffffffde fr.pc=0x000001682fe993e8 relative=0x0000000000000228
Event: 1246.513 Thread 0x000001683d2c05a0 Uncommon trap: reason=class_check action=maybe_recompile pc=0x000001682fe993e8 method=java.util.regex.Pattern$BmpCharPropertyGreedy.match(Ljava/util/regex/Matcher;ILjava/lang/CharSequence;)Z @ 26 c2
Event: 1246.513 Thread 0x000001683d2c05a0 DEOPT PACKING pc=0x000001682fe993e8 sp=0x0000001553afeb70
Event: 1246.513 Thread 0x000001683d2c05a0 DEOPT UNPACKING pc=0x000001682f8669a3 sp=0x0000001553afeb08 mode 2

Classes unloaded (0 events):
No events

Classes redefined (0 events):
No events

Internal exceptions (20 events):
Event: 540.781 Thread 0x000001683d2bf730 Exception <a 'java/lang/NullPointerException'{0x00000000e3b0c8b0}> (0x00000000e3b0c8b0) 
thrown [s\src\hotspot\share\runtime\sharedRuntime.cpp, line 628]
Event: 540.781 Thread 0x000001683d2bf730 Implicit null exception at 0x0000016828a887f5 to 0x0000016828a88e6a
Event: 540.781 Thread 0x000001683d2bf730 Exception <a 'java/lang/NullPointerException'{0x00000000e3b0ccd0}> (0x00000000e3b0ccd0) 
thrown [s\src\hotspot\share\runtime\sharedRuntime.cpp, line 628]
Event: 540.781 Thread 0x000001683d2bf730 Implicit null exception at 0x0000016828a887f5 to 0x0000016828a88e6a
Event: 540.781 Thread 0x000001683d2bf730 Exception <a 'java/lang/NullPointerException'{0x00000000e3b0d0f0}> (0x00000000e3b0d0f0) 
thrown [s\src\hotspot\share\runtime\sharedRuntime.cpp, line 628]
Event: 540.781 Thread 0x000001683d2bf730 Implicit null exception at 0x0000016828a887f5 to 0x0000016828a88e6a
Event: 540.781 Thread 0x000001683d2bf730 Exception <a 'java/lang/NullPointerException'{0x00000000e3b0d510}> (0x00000000e3b0d510) 
thrown [s\src\hotspot\share\runtime\sharedRuntime.cpp, line 628]
Event: 540.781 Thread 0x000001683d2bf730 Implicit null exception at 0x0000016828a887f5 to 0x0000016828a88e6a
Event: 540.781 Thread 0x000001683d2bf730 Exception <a 'java/lang/NullPointerException'{0x00000000e3b0d930}> (0x00000000e3b0d930) 
thrown [s\src\hotspot\share\runtime\sharedRuntime.cpp, line 628]
Event: 540.781 Thread 0x000001683d2bf730 Implicit null exception at 0x0000016828a887f5 to 0x0000016828a88e6a
Event: 540.781 Thread 0x000001683d2bf730 Exception <a 'java/lang/NullPointerException'{0x00000000e3b0dd50}> (0x00000000e3b0dd50) 
thrown [s\src\hotspot\share\runtime\sharedRuntime.cpp, line 628]
Event: 540.781 Thread 0x000001683d2bf730 Implicit null exception at 0x0000016828a887f5 to 0x0000016828a88e6a
Event: 540.781 Thread 0x000001683d2bf730 Exception <a 'java/lang/NullPointerException'{0x00000000e3b0eb80}> (0x00000000e3b0eb80) 
thrown [s\src\hotspot\share\runtime\sharedRuntime.cpp, line 628]
Event: 540.781 Thread 0x000001683d2bf730 Implicit null exception at 0x0000016828a887f5 to 0x0000016828a88e6a
Event: 540.781 Thread 0x000001683d2bf730 Exception <a 'java/lang/NullPointerException'{0x00000000e3b0efa0}> (0x00000000e3b0efa0) 
thrown [s\src\hotspot\share\runtime\sharedRuntime.cpp, line 628]
Event: 540.781 Thread 0x000001683d2bf730 Implicit null exception at 0x0000016828a887f5 to 0x0000016828a88e6a
Event: 540.781 Thread 0x000001683d2bf730 Exception <a 'java/lang/NullPointerException'{0x00000000e3b0f3c0}> (0x00000000e3b0f3c0) 
thrown [s\src\hotspot\share\runtime\sharedRuntime.cpp, line 628]
Event: 540.781 Thread 0x000001683d2bf730 Implicit null exception at 0x0000016828a887f5 to 0x0000016828a88e6a
Event: 540.781 Thread 0x000001683d2bf730 Exception <a 'java/lang/NullPointerException'{0x00000000e3b0fab0}> (0x00000000e3b0fab0) 
thrown [s\src\hotspot\share\runtime\sharedRuntime.cpp, line 628]
Event: 1246.512 Thread 0x000001683d2c05a0 Exception <a 'java/lang/ClassNotFoundException'{0x00000000e3adb818}: sun/util/logging/resources/spi/loggingProvider> (0x00000000e3adb818) 
thrown [s\src\hotspot\share\classfile\systemDictionary.cpp, line 256]

VM Operations (20 events):
Event: 532.120 Executing VM operation: Cleanup
Event: 532.120 Executing VM operation: Cleanup done
Event: 533.131 Executing VM operation: Cleanup
Event: 533.131 Executing VM operation: Cleanup done
Event: 534.141 Executing VM operation: Cleanup
Event: 534.141 Executing VM operation: Cleanup done
Event: 535.155 Executing VM operation: Cleanup
Event: 535.155 Executing VM operation: Cleanup done
Event: 537.182 Executing VM operation: Cleanup
Event: 537.182 Executing VM operation: Cleanup done
Event: 538.193 Executing VM operation: Cleanup
Event: 538.193 Executing VM operation: Cleanup done
Event: 538.351 Executing VM operation: HandshakeAllThreads
Event: 538.351 Executing VM operation: HandshakeAllThreads done
Event: 539.362 Executing VM operation: Cleanup
Event: 539.362 Executing VM operation: Cleanup done
Event: 540.376 Executing VM operation: Cleanup
Event: 540.376 Executing VM operation: Cleanup done
Event: 541.384 Executing VM operation: Cleanup
Event: 541.384 Executing VM operation: Cleanup done

Events (20 events):
Event: 1246.509 loading class java/lang/StackStreamFactory$StackFrameTraverser$StackFrameBuffer
Event: 1246.509 loading class java/lang/StackStreamFactory$FrameBuffer
Event: 1246.509 loading class java/lang/StackStreamFactory$FrameBuffer done
Event: 1246.509 loading class java/lang/StackStreamFactory$StackFrameTraverser$StackFrameBuffer done
Event: 1246.512 loading class java/util/logging/Level$RbAccess
Event: 1246.512 loading class java/util/logging/Level$RbAccess done
Event: 1246.512 loading class java/util/ResourceBundle$3
Event: 1246.512 loading class java/util/ResourceBundle$3 done
Event: 1246.512 loading class sun/util/logging/resources/logging
Event: 1246.512 loading class sun/util/logging/resources/logging done
Event: 1246.512 loading class sun/util/logging/resources/logging_pt
Event: 1246.512 loading class sun/util/logging/resources/logging_pt done
Event: 1246.512 loading class sun/util/logging/resources/logging_pt
Event: 1246.512 loading class sun/util/logging/resources/logging_pt done
Event: 1246.513 loading class sun/util/logging/resources/logging_pt_BR
Event: 1246.513 loading class sun/util/logging/resources/logging_pt_BR done
Event: 1246.513 loading class java/util/Formatter$DateTime
Event: 1246.513 loading class java/util/Formatter$DateTime done
Event: 1246.513 loading class java/time/ZonedDateTime$1
Event: 1246.513 loading class java/time/ZonedDateTime$1 done


Dynamic libraries:
0x00007ff602eb0000 - 0x00007ff602ebe000 	C:\Program Files\Eclipse Adoptium\jdk-17.0.6.10-hotspot\bin\java.exe
0x00007ffa780f0000 - 0x00007ffa782e8000 	C:\WINDOWS\SYSTEM32\ntdll.dll
0x00007ffa77c80000 - 0x00007ffa77d3f000 	C:\WINDOWS\System32\KERNEL32.DLL
0x00007ffa757f0000 - 0x00007ffa75ac2000 	C:\WINDOWS\System32\KERNELBASE.dll
0x00007ffa75c50000 - 0x00007ffa75d50000 	C:\WINDOWS\System32\ucrtbase.dll
0x00007ffa4fe70000 - 0x00007ffa4fe89000 	C:\Program Files\Eclipse Adoptium\jdk-17.0.6.10-hotspot\bin\VCRUNTIME140.dll
0x00007ffa4f770000 - 0x00007ffa4f787000 	C:\Program Files\Eclipse Adoptium\jdk-17.0.6.10-hotspot\bin\jli.dll
0x00007ffa761e0000 - 0x00007ffa76381000 	C:\WINDOWS\System32\USER32.dll
0x00007ffa6b460000 - 0x00007ffa6b6fa000 	C:\WINDOWS\WinSxS\amd64_microsoft.windows.common-controls_6595b64144ccf1df_6.0.19041.1110_none_60b5254171f9507e\COMCTL32.dll
0x00007ffa76010000 - 0x00007ffa76032000 	C:\WINDOWS\System32\win32u.dll
0x00007ffa77980000 - 0x00007ffa779ab000 	C:\WINDOWS\System32\GDI32.dll
0x00007ffa76c90000 - 0x00007ffa76d2e000 	C:\WINDOWS\System32\msvcrt.dll
0x00007ffa75ad0000 - 0x00007ffa75bdf000 	C:\WINDOWS\System32\gdi32full.dll
0x00007ffa75d80000 - 0x00007ffa75e1d000 	C:\WINDOWS\System32\msvcp_win.dll
0x00007ffa76150000 - 0x00007ffa76180000 	C:\WINDOWS\System32\IMM32.DLL
0x00007ffa684e0000 - 0x00007ffa684ec000 	C:\Program Files\Eclipse Adoptium\jdk-17.0.6.10-hotspot\bin\vcruntime140_1.dll
0x00007ffa375d0000 - 0x00007ffa37661000 	C:\Program Files\Eclipse Adoptium\jdk-17.0.6.10-hotspot\bin\msvcp140.dll
0x00007ffa10560000 - 0x00007ffa111a7000 	C:\Program Files\Eclipse Adoptium\jdk-17.0.6.10-hotspot\bin\server\jvm.dll
0x00007ffa777e0000 - 0x00007ffa7788e000 	C:\WINDOWS\System32\ADVAPI32.dll
0x00007ffa764b0000 - 0x00007ffa7654c000 	C:\WINDOWS\System32\sechost.dll
0x00007ffa77a60000 - 0x00007ffa77b84000 	C:\WINDOWS\System32\RPCRT4.dll
0x00007ffa67ab0000 - 0x00007ffa67ab9000 	C:\WINDOWS\SYSTEM32\WSOCK32.dll
0x00007ffa6bd00000 - 0x00007ffa6bd27000 	C:\WINDOWS\SYSTEM32\WINMM.dll
0x00007ffa6e890000 - 0x00007ffa6e89a000 	C:\WINDOWS\SYSTEM32\VERSION.dll
0x00007ffa77c10000 - 0x00007ffa77c7b000 	C:\WINDOWS\System32\WS2_32.dll
0x00007ffa742b0000 - 0x00007ffa742c2000 	C:\WINDOWS\SYSTEM32\kernel.appcore.dll
0x00007ffa63790000 - 0x00007ffa6379a000 	C:\Program Files\Eclipse Adoptium\jdk-17.0.6.10-hotspot\bin\jimage.dll
0x00007ffa735b0000 - 0x00007ffa73794000 	C:\WINDOWS\SYSTEM32\DBGHELP.DLL
0x00007ffa6b990000 - 0x00007ffa6b9c5000 	C:\WINDOWS\SYSTEM32\dbgcore.DLL
0x00007ffa75f80000 - 0x00007ffa76002000 	C:\WINDOWS\System32\bcryptPrimitives.dll
0x00007ffa40240000 - 0x00007ffa40265000 	C:\Program Files\Eclipse Adoptium\jdk-17.0.6.10-hotspot\bin\java.dll
0x00007ffa329b0000 - 0x00007ffa32a86000 	C:\Program Files\Eclipse Adoptium\jdk-17.0.6.10-hotspot\bin\jsvml.dll
0x00007ffa77090000 - 0x00007ffa777d5000 	C:\WINDOWS\System32\SHELL32.dll
0x00007ffa737a0000 - 0x00007ffa73f32000 	C:\WINDOWS\SYSTEM32\windows.storage.dll
0x00007ffa77d50000 - 0x00007ffa780a5000 	C:\WINDOWS\System32\combase.dll
0x00007ffa75170000 - 0x00007ffa751a0000 	C:\WINDOWS\SYSTEM32\Wldp.dll
0x00007ffa763f0000 - 0x00007ffa7649d000 	C:\WINDOWS\System32\SHCORE.dll
0x00007ffa77890000 - 0x00007ffa778e5000 	C:\WINDOWS\System32\shlwapi.dll
0x00007ffa75730000 - 0x00007ffa7574f000 	C:\WINDOWS\SYSTEM32\profapi.dll
0x00007ffa3fc60000 - 0x00007ffa3fc79000 	C:\Program Files\Eclipse Adoptium\jdk-17.0.6.10-hotspot\bin\net.dll
0x00007ffa6ad70000 - 0x00007ffa6ae7a000 	C:\WINDOWS\SYSTEM32\WINHTTP.dll
0x00007ffa74ed0000 - 0x00007ffa74f3a000 	C:\WINDOWS\system32\mswsock.dll
0x00007ffa3c6e0000 - 0x00007ffa3c6f5000 	C:\Program Files\Eclipse Adoptium\jdk-17.0.6.10-hotspot\bin\nio.dll
0x00007ffa38460000 - 0x00007ffa38478000 	C:\Program Files\Eclipse Adoptium\jdk-17.0.6.10-hotspot\bin\zip.dll
0x00007ffa750c0000 - 0x00007ffa750d8000 	C:\WINDOWS\SYSTEM32\CRYPTSP.dll
0x00007ffa747f0000 - 0x00007ffa74824000 	C:\WINDOWS\system32\rsaenh.dll
0x00007ffa75d50000 - 0x00007ffa75d77000 	C:\WINDOWS\System32\bcrypt.dll
0x00007ffa756f0000 - 0x00007ffa7571e000 	C:\WINDOWS\SYSTEM32\USERENV.dll
0x00007ffa750e0000 - 0x00007ffa750ec000 	C:\WINDOWS\SYSTEM32\CRYPTBASE.dll
0x00007ffa74bc0000 - 0x00007ffa74bfb000 	C:\WINDOWS\SYSTEM32\IPHLPAPI.DLL
0x00007ffa764a0000 - 0x00007ffa764a8000 	C:\WINDOWS\System32\NSI.dll
0x00007ffa68000000 - 0x00007ffa68017000 	C:\WINDOWS\SYSTEM32\dhcpcsvc6.DLL
0x00007ffa67f30000 - 0x00007ffa67f4d000 	C:\WINDOWS\SYSTEM32\dhcpcsvc.DLL
0x00007ffa74c00000 - 0x00007ffa74ccb000 	C:\WINDOWS\SYSTEM32\DNSAPI.dll
0x00007ffa37840000 - 0x00007ffa3787e000 	C:\Users\carlinhoshk\.vscode-insiders\extensions\ibm.zopeneditor-3.1.0\language-server\cobol_config_win\org.eclipse.equinox.launcher\org.eclipse.equinox.launcher.win32.win32.x86_64_1.2.400.v20211117-0650\eclipse_11602.dll
0x00007ffa76f60000 - 0x00007ffa7708a000 	C:\WINDOWS\System32\ole32.dll
0x00007ffa635c0000 - 0x00007ffa635d0000 	C:\Program Files\Eclipse Adoptium\jdk-17.0.6.10-hotspot\bin\verify.dll

dbghelp: loaded successfully - version: 4.0.5 - missing functions: none
symbol engine: initialized successfully - sym options: 0x614 - pdb path: .;C:\Program Files\Eclipse Adoptium\jdk-17.0.6.10-hotspot\bin;C:\WINDOWS\SYSTEM32;C:\WINDOWS\WinSxS\amd64_microsoft.windows.common-controls_6595b64144ccf1df_6.0.19041.1110_none_60b5254171f9507e;C:\Program Files\Eclipse Adoptium\jdk-17.0.6.10-hotspot\bin\server;C:\Users\carlinhoshk\.vscode-insiders\extensions\ibm.zopeneditor-3.1.0\language-server\cobol_config_win\org.eclipse.equinox.launcher\org.eclipse.equinox.launcher.win32.win32.x86_64_1.2.400.v20211117-0650

VM Arguments:
jvm_args: -Declipse.application=com.ibm.wazi.lsp.cobol.core.languageServer -Dosgi.bundles.defaultStartLevel=4 -Declipse.product=com.ibm.wazi.lsp.cobol.core.languageServerProduct -Xmx512m 
java_command: c:\Users\carlinhoshk\.vscode-insiders\extensions\ibm.zopeneditor-3.1.0\language-server\plugins\org.eclipse.equinox.launcher_1.6.400.v20210924-0641.jar -configuration c:\Users\carlinhoshk\.vscode-insiders\extensions\ibm.zopeneditor-3.1.0\language-server\cobol_config_win -data C:\Users\CARLIN~1\AppData\Local\Temp\_ws_1679188176528
java_class_path (initial): c:\Users\carlinhoshk\.vscode-insiders\extensions\ibm.zopeneditor-3.1.0\language-server\plugins\org.eclipse.equinox.launcher_1.6.400.v20210924-0641.jar
Launcher Type: SUN_STANDARD

[Global flags]
     intx CICompilerCount                          = 4                                         {product} {ergonomic}
     uint ConcGCThreads                            = 2                                         {product} {ergonomic}
     uint G1ConcRefinementThreads                  = 8                                         {product} {ergonomic}
   size_t G1HeapRegionSize                         = 1048576                                   {product} {ergonomic}
    uintx GCDrainStackTargetSize                   = 64                                        {product} {ergonomic}
   size_t InitialHeapSize                          = 134217728                                 {product} {ergonomic}
   size_t MarkStackSize                            = 4194304                                   {product} {ergonomic}
   size_t MaxHeapSize                              = 536870912                                 {product} {command line}
   size_t MaxNewSize                               = 321912832                                 {product} {ergonomic}
   size_t MinHeapDeltaBytes                        = 1048576                                   {product} {ergonomic}
   size_t MinHeapSize                              = 8388608                                   {product} {ergonomic}
    uintx NonNMethodCodeHeapSize                   = 5839372                                {pd product} {ergonomic}
    uintx NonProfiledCodeHeapSize                  = 122909434                              {pd product} {ergonomic}
    uintx ProfiledCodeHeapSize                     = 122909434                              {pd product} {ergonomic}
    uintx ReservedCodeCacheSize                    = 251658240                              {pd product} {ergonomic}
     bool SegmentedCodeCache                       = true                                      {product} {ergonomic}
   size_t SoftMaxHeapSize                          = 536870912                              {manageable} {ergonomic}
     bool UseCompressedClassPointers               = true                           {product lp64_product} {ergonomic}
     bool UseCompressedOops                        = true                           {product lp64_product} {ergonomic}
     bool UseG1GC                                  = true                                      {product} {ergonomic}
     bool UseLargePagesIndividualAllocation        = false                                  {pd product} {ergonomic}

Logging:
Log output configuration:
 #0: stdout all=warning uptime,level,tags
 #1: stderr all=off uptime,level,tags

Environment Variables:
JAVA_HOME=C:\Program Files\Eclipse Adoptium\jdk-17.0.6.10-hotspot\
PATH=C:\Program Files\Eclipse Adoptium\jdk-17.0.6.10-hotspot\bin;C:\Python311\Scripts\;C:\Python311\;C:\WINDOWS\system32;C:\WINDOWS;C:\WINDOWS\System32\Wbem;C:\WINDOWS\System32\WindowsPowerShell\v1.0\;C:\WINDOWS\System32\OpenSSH\;C:\Program Files\Git\cmd;C:\ProgramData\chocolatey\bin;C:\Program Files\nodejs\;C:\Program Files\PowerShell\7\;C:\Users\carlinhoshk\AppData\Local\Microsoft\WindowsApps;;C:\Users\carlinhoshk\AppData\Local\Programs\Microsoft VS Code Insiders\bin;C:\Users\carlinhoshk\AppData\Roaming\npm
USERNAME=carlinhoshk
OS=Windows_NT
PROCESSOR_IDENTIFIER=Intel64 Family 6 Model 158 Stepping 13, GenuineIntel
TMP=C:\Users\CARLIN~1\AppData\Local\Temp
TEMP=C:\Users\CARLIN~1\AppData\Local\Temp



---------------  S Y S T E M  ---------------

OS:
 Windows 10 , 64 bit Build 19041 (10.0.19041.2546)
OS uptime: 0 days 3:21 hours

CPU: total 8 (initial active 8) (4 cores per cpu, 2 threads per core) family 6 model 158 stepping 13 microcode 0xf0, cx8, cmov, fxsr, ht, mmx, 3dnowpref, sse, sse2, sse3, ssse3, sse4.1, sse4.2, popcnt, lzcnt, tsc, tscinvbit, avx, avx2, aes, erms, clmul, bmi1, bmi2, adx, fma, vzeroupper, clflush, clflushopt

Memory: 4k page, system-wide physical 8103M (2379M free)
TotalPageFile size 8103M (AvailPageFile size 2M)
current process WorkingSet (physical memory assigned to process): 192M, peak: 222M
current process commit charge ("private bytes"): 237M, peak: 269M

vm_info: OpenJDK 64-Bit Server VM (17.0.6+10) for windows-amd64 JRE (17.0.6+10), built on Jan 18 2023 10:08:59 by "temurin" with MS VC++ 16.7 (VS2019)

END.
